{"level":"error","message":"Invalid authentication","service":"login-service","timestamp":"2024-03-10 13:18:51"}
{"body":{"mail":"user1@gmail.com"},"ip":"::1","level":"error","message":"Invalid authentication","service":"login-service","timestamp":"2024-03-10 13:33:02","url":"/connection"}
{"body":{"mail":"admin@admin.com"},"ip":"::1","level":"error","message":"Invalid authentication","service":"login-service","timestamp":"2024-03-10 19:33:06","url":"/connection"}
{"body":{"mail":"admin@admin.com"},"ip":"::1","level":"error","message":"Invalid authentication","service":"login-service","timestamp":"2024-03-12 19:38:19","url":"/connection"}
{"body":{"mail":"admin@admin.com"},"ip":"::1","level":"error","message":"Invalid authentication","service":"login-service","timestamp":"2024-03-12 19:38:25","url":"/connection"}
{"body":{"mail":"admin@admin.com"},"ip":"::1","level":"error","message":"Invalid authentication","service":"login-service","timestamp":"2024-03-12 19:38:39","url":"/connection"}
{"body":{"mail":"admin@admin.com"},"ip":"::1","level":"error","message":"Invalid authentication","service":"login-service","timestamp":"2024-03-12 20:22:09","url":"/connection"}
{"body":{"mail":"admin@admin.com"},"ip":"::1","level":"error","message":"Invalid authentication","service":"login-service","timestamp":"2024-03-12 20:23:52","url":"/connection"}
{"body":{"mail":"admin@admin.com"},"ip":"::1","level":"error","message":"Invalid authentication","service":"login-service","timestamp":"2024-03-12 20:23:56","url":"/connection"}
{"body":{"mail":"admin@admin.com"},"ip":"::1","level":"error","message":"Invalid authentication","service":"login-service","timestamp":"2024-03-12 20:24:26","url":"/connection"}
{"body":{"mail":"admin@admin.com"},"ip":"::1","level":"error","message":"Invalid authentication","service":"login-service","timestamp":"2024-03-12 20:25:11","url":"/connection"}
{"body":{"mail":"admin@admin.com"},"ip":"::1","level":"error","message":"Invalid authentication","service":"login-service","timestamp":"2024-03-12 20:25:18","url":"/connection"}
{"body":{"mail":"admin@admin.com"},"ip":"::1","level":"error","message":"Invalid authentication","service":"login-service","timestamp":"2024-03-12 20:25:25","url":"/connection"}
{"body":{"mail":"admin@admin.com"},"ip":"::1","level":"error","message":"Invalid authentication","service":"login-service","timestamp":"2024-03-13 09:34:25","url":"/connection"}
{"body":{"mail":"admin@admin.com"},"ip":"::1","level":"error","message":"Invalid authentication","service":"login-service","timestamp":"2024-03-13 09:34:32","url":"/connection"}
{"body":{"mail":"admin@admin.com"},"ip":"::1","level":"error","message":"Invalid authentication","service":"login-service","timestamp":"2024-03-13 09:34:41","url":"/connection"}
{"body":{"mail":"admin@admin.com"},"ip":"::1","level":"error","message":"Invalid authentication","service":"login-service","timestamp":"2024-03-13 09:34:51","url":"/connection"}
{"body":{"mail":"admin@admin.com"},"ip":"::1","level":"error","message":"Invalid authentication","service":"login-service","timestamp":"2024-03-13 09:37:38","url":"/connection"}
{"body":{"mail":"admin@admin.com"},"ip":"::1","level":"error","message":"Invalid authentication","service":"login-service","timestamp":"2024-03-13 09:38:25","url":"/connection"}
{"body":{"mail":"admin@admin.com"},"ip":"::1","level":"error","message":"Invalid authentication","service":"login-service","timestamp":"2024-03-13 09:38:31","url":"/connection"}
{"body":{"mail":"admin@admin.com"},"ip":"::1","level":"error","message":"Invalid authentication","service":"login-service","timestamp":"2024-03-13 10:05:22","url":"/connection"}
{"body":{"mail":"admin@admin.com"},"ip":"::1","level":"error","message":"Invalid authentication","service":"login-service","timestamp":"2024-03-13 10:34:11","url":"/connection"}
{"body":{"mail":"admin@admin.com"},"ip":"::1","level":"error","message":"Invalid authentication","service":"login-service","timestamp":"2024-03-13 10:44:08","url":"/connection"}
{"body":{"mail":"admin@admin.com"},"ip":"::1","level":"error","message":"Invalid authentication","service":"login-service","timestamp":"2024-03-13 10:45:28","url":"/connection"}
{"body":{"mail":"admin@admin.com"},"ip":"::1","level":"error","message":"Invalid authentication","service":"login-service","timestamp":"2024-03-13 11:20:58","url":"/connection"}
{"body":{"mail":"admin@admin.com"},"ip":"::1","level":"error","message":"Invalid authentication","service":"login-service","timestamp":"2024-03-13 11:47:52","url":"/connection"}
{"body":{"mail":"admin@admin.com"},"ip":"::1","level":"error","message":"Invalid authentication","service":"login-service","timestamp":"2024-03-13 11:48:25","url":"/connection"}
{"body":{"mail":"admin@admin.com"},"ip":"::1","level":"error","message":"Invalid authentication","service":"login-service","timestamp":"2024-03-13 11:48:57","url":"/connection"}
{"body":{"mail":"admin@admin.com"},"ip":"::1","level":"error","message":"Invalid authentication","service":"login-service","timestamp":"2024-03-13 11:49:35","url":"/connection"}
{"body":{"mail":"admin@admin.com"},"ip":"::1","level":"error","message":"Invalid authentication","service":"login-service","timestamp":"2024-03-13 11:51:18","url":"/connection"}
{"body":{"mail":"admin@admin.com"},"ip":"::1","level":"error","message":"Invalid authentication","service":"login-service","timestamp":"2024-03-13 12:13:00","url":"/connection"}
{"body":{"mail":"admin@admin.com"},"ip":"::1","level":"error","message":"Invalid authentication","service":"login-service","timestamp":"2024-03-13 12:53:28","url":"/connection"}
{"body":{"mail":"admin@admin.com"},"ip":"::1","level":"error","message":"Invalid authentication","service":"login-service","timestamp":"2024-03-13 12:53:31","url":"/connection"}
{"body":{"mail":"admin@admin.com"},"ip":"::1","level":"error","message":"Invalid authentication","service":"login-service","timestamp":"2024-03-13 12:53:35","url":"/connection"}
{"body":{"mail":"admin@admin.com"},"ip":"::1","level":"error","message":"Invalid authentication","service":"login-service","timestamp":"2024-03-13 12:53:40","url":"/connection"}
{"body":{"mail":"user1@gmail.com"},"ip":"::1","level":"error","message":"Invalid authentication","service":"login-service","timestamp":"2024-03-13 12:59:36","url":"/connection"}
{"body":{"mail":"test@test.cpù"},"ip":"::1","level":"error","message":"This user does not exist","service":"login-service","timestamp":"2024-03-13 14:35:06","url":"/connection"}
{"body":{"mail":"test@test.cpù"},"ip":"::1","level":"error","message":"This user does not exist","service":"login-service","timestamp":"2024-03-13 14:35:09","url":"/connection"}
{"body":{"mail":"test@test.com"},"ip":"::1","level":"error","message":"This user does not exist","service":"login-service","timestamp":"2024-03-13 14:35:31","url":"/connection"}
{"body":{"mail":"admin@admin.com"},"ip":"::1","level":"error","message":"Invalid authentication","service":"login-service","timestamp":"2024-03-13 14:36:09","url":"/connection"}
{"body":{"mail":"admin@admin.com"},"ip":"::1","level":"error","message":"Invalid authentication","service":"login-service","timestamp":"2024-03-13 14:36:12","url":"/connection"}
{"body":{"mail":"admin@admin.com"},"ip":"::1","level":"error","message":"Invalid authentication","service":"login-service","timestamp":"2024-03-13 14:36:16","url":"/connection"}
{"body":{"mail":"admin@admin.com"},"ip":"::1","level":"error","message":"Invalid authentication","service":"login-service","timestamp":"2024-03-13 14:36:21","url":"/connection"}
{"body":{"mail":"admin@admin.com"},"ip":"::1","level":"error","message":"Invalid authentication","service":"login-service","timestamp":"2024-03-13 14:36:24","url":"/connection"}
{"body":{"mail":"admin@admin.com"},"ip":"::1","level":"error","message":"Invalid authentication","service":"login-service","timestamp":"2024-03-13 14:36:29","url":"/connection"}
{"body":{"mail":"admin@admin.com"},"ip":"::1","level":"error","message":"Invalid authentication","service":"login-service","timestamp":"2024-03-13 14:36:34","url":"/connection"}
{"body":{"mail":"admin@admin.com"},"ip":"::1","level":"error","message":"Invalid authentication","service":"login-service","timestamp":"2024-03-13 14:36:38","url":"/connection"}
{"body":{"mail":"admin@admin.com"},"ip":"::1","level":"error","message":"Invalid authentication","service":"login-service","timestamp":"2024-03-13 14:36:42","url":"/connection"}
{"body":{"mail":"admin@admin.com"},"ip":"::1","level":"error","message":"Invalid authentication","service":"login-service","timestamp":"2024-03-13 14:36:45","url":"/connection"}
{"body":{"mail":"user1@gmail.com"},"ip":"::1","level":"error","message":"Invalid authentication","service":"login-service","timestamp":"2024-03-13 14:37:11","url":"/connection"}
{"body":{"mail":"user1@gmail.com"},"ip":"::1","level":"error","message":"Invalid authentication","service":"login-service","timestamp":"2024-03-13 14:37:57","url":"/connection"}
{"body":{"mail":"user1@gmail.com"},"ip":"::1","level":"error","message":"Invalid authentication","service":"login-service","timestamp":"2024-03-13 14:38:01","url":"/connection"}
{"body":{"mail":"user1@gmail.com"},"ip":"::1","level":"error","message":"Invalid authentication","service":"login-service","timestamp":"2024-03-13 14:38:05","url":"/connection"}
{"body":{"mail":"user1@gmail.com"},"ip":"::1","level":"error","message":"Invalid authentication","service":"login-service","timestamp":"2024-03-13 14:38:09","url":"/connection"}
{"body":{"mail":"user1@gmail.com"},"ip":"::1","level":"error","message":"Invalid authentication","service":"login-service","timestamp":"2024-03-13 14:38:13","url":"/connection"}
{"body":{"mail":"user1@gmail.com"},"ip":"::1","level":"error","message":"Invalid authentication","service":"login-service","timestamp":"2024-03-13 14:38:16","url":"/connection"}
{"body":{"mail":"user1@gmail.com"},"ip":"::1","level":"error","message":"Invalid authentication","service":"login-service","timestamp":"2024-03-13 14:38:23","url":"/connection"}
{"body":{"mail":"user1@gmail.com"},"ip":"::1","level":"error","message":"Invalid authentication","service":"login-service","timestamp":"2024-03-13 14:38:27","url":"/connection"}
{"body":{"mail":"user1@gmail.com"},"ip":"::1","level":"error","message":"Invalid authentication","service":"login-service","timestamp":"2024-03-13 14:39:37","url":"/connection"}
{"body":{"mail":"user1@gmail.com"},"ip":"::1","level":"error","message":"Invalid authentication","service":"login-service","timestamp":"2024-03-13 14:40:28","url":"/connection"}
{"body":{"mail":"user1@gmail.com"},"ip":"::1","level":"error","message":"Invalid authentication","service":"login-service","timestamp":"2024-03-13 14:40:37","url":"/connection"}
{"body":{"mail":"user1@gmail.com"},"ip":"::1","level":"error","message":"Invalid authentication","service":"login-service","timestamp":"2024-03-13 14:40:41","url":"/connection"}
{"body":{"mail":"user1@gmail.com"},"ip":"::1","level":"error","message":"Invalid authentication","service":"login-service","timestamp":"2024-03-13 14:40:46","url":"/connection"}
{"body":{"mail":"admin@admin.com"},"ip":"::1","level":"error","message":"Invalid authentication","service":"login-service","timestamp":"2024-03-13 14:42:49","url":"/connection"}
{"body":{"mail":"admin@admin.com"},"ip":"::1","level":"error","message":"Invalid authentication","service":"login-service","timestamp":"2024-03-13 14:43:22","url":"/connection"}
{"body":{"mail":"admin@admin.com"},"ip":"::1","level":"error","message":"Invalid authentication","service":"login-service","timestamp":"2024-03-13 14:46:34","url":"/connection"}
{"body":{"mail":"admin@admin.com"},"ip":"::1","level":"error","message":"Invalid authentication","service":"login-service","timestamp":"2024-03-13 14:52:38","url":"/connection"}
{"body":{"mail":"admin@admin.com"},"ip":"::1","level":"error","message":"Invalid authentication","service":"login-service","timestamp":"2024-03-13 14:52:42","url":"/connection"}
{"body":{"mail":"admin@admin.com"},"ip":"::1","level":"error","message":"Invalid authentication","service":"login-service","timestamp":"2024-03-13 14:52:46","url":"/connection"}
{"body":{"mail":"admin@admin.com"},"ip":"::1","level":"error","message":"Invalid authentication","service":"login-service","timestamp":"2024-03-13 14:53:23","url":"/connection"}
{"body":{"mail":"admin@admin.com"},"ip":"::1","level":"error","message":"Invalid authentication","service":"login-service","timestamp":"2024-03-13 14:53:28","url":"/connection"}
{"body":{"mail":"admin@admin.com"},"ip":"::1","level":"error","message":"Invalid authentication","service":"login-service","timestamp":"2024-03-13 14:55:55","url":"/connection"}
{"body":{"mail":"admin@admin.com"},"ip":"::1","level":"error","message":"Invalid authentication","service":"login-service","timestamp":"2024-03-13 14:55:59","url":"/connection"}
{"body":{"mail":"admin@admin.com"},"ip":"::1","level":"error","message":"Invalid authentication","service":"login-service","timestamp":"2024-03-13 14:56:04","url":"/connection"}
{"body":{"mail":"admin@admin.com"},"ip":"::1","level":"error","message":"Invalid authentication","service":"login-service","timestamp":"2024-03-13 14:56:09","url":"/connection"}
{"body":{"mail":"admin@admin.com"},"ip":"::1","level":"error","message":"Invalid authentication","service":"login-service","timestamp":"2024-03-13 14:56:15","url":"/connection"}
{"body":{"mail":"admin@admin.com"},"ip":"::1","level":"error","message":"Invalid authentication","service":"login-service","timestamp":"2024-03-13 15:00:06","url":"/connection"}
{"body":{"mail":"admin@admin.com"},"ip":"::1","level":"error","message":"Invalid authentication","service":"login-service","timestamp":"2024-03-13 15:00:14","url":"/connection"}
{"body":{"mail":"admin@admin.com"},"ip":"::1","level":"error","message":"Invalid authentication","service":"login-service","timestamp":"2024-03-13 15:00:21","url":"/connection"}
{"body":{"mail":"user2@gmail.com"},"ip":"::1","level":"error","message":"Invalid authentication","service":"login-service","timestamp":"2024-03-13 15:08:11","url":"/connection"}
{"body":{"mail":"user2@gmail.com"},"ip":"::1","level":"error","message":"Invalid authentication","service":"login-service","timestamp":"2024-03-13 15:09:32","url":"/connection"}
{"body":{"mail":"admin@admin.com"},"ip":"::1","level":"error","message":"Invalid authentication","service":"login-service","timestamp":"2024-03-13 15:14:09","url":"/connection"}
{"body":{"mail":"admin@admin.com"},"ip":"::1","level":"error","message":"Invalid authentication","service":"login-service","timestamp":"2024-03-13 15:14:15","url":"/connection"}
{"body":{"mail":"admin@admin.com"},"ip":"::1","level":"error","message":"Invalid authentication","service":"login-service","timestamp":"2024-03-13 15:15:27","url":"/connection"}
{"body":{"mail":"admin@admin.com"},"ip":"::1","level":"error","message":"Invalid authentication","service":"login-service","timestamp":"2024-03-13 15:15:31","url":"/connection"}
{"body":{"mail":"admin@admin.com"},"ip":"::1","level":"error","message":"Invalid authentication","service":"login-service","timestamp":"2024-03-13 15:15:35","url":"/connection"}
{"body":{"mail":"admin@admin.com"},"ip":"::1","level":"error","message":"Invalid authentication","service":"login-service","timestamp":"2024-03-13 15:15:57","url":"/connection"}
{"body":{"mail":"admin@admin.com"},"ip":"::1","level":"error","message":"Invalid authentication","service":"login-service","timestamp":"2024-03-13 15:16:00","url":"/connection"}
{"body":{"mail":"admin@admin.com"},"ip":"::1","level":"error","message":"Invalid authentication","service":"login-service","timestamp":"2024-03-13 15:16:04","url":"/connection"}
{"body":{"mail":"admin@admin.com"},"ip":"::1","level":"error","message":"Invalid authentication","service":"login-service","timestamp":"2024-03-13 15:16:07","url":"/connection"}
{"body":{"mail":"admin@admin.com"},"ip":"::1","level":"error","message":"Invalid authentication","service":"login-service","timestamp":"2024-03-13 15:16:10","url":"/connection"}
{"body":{"mail":"admin@admin.com"},"ip":"::1","level":"error","message":"Invalid authentication","service":"login-service","timestamp":"2024-03-13 15:16:12","url":"/connection"}
{"body":{"mail":"admin@admin.com"},"ip":"::1","level":"error","message":"Invalid authentication","service":"login-service","timestamp":"2024-03-13 15:16:16","url":"/connection"}
{"body":{"mail":"admin@admin.com"},"ip":"::1","level":"error","message":"Invalid authentication","service":"login-service","timestamp":"2024-03-13 15:16:19","url":"/connection"}
{"body":{"mail":"admin@admin.com"},"ip":"::1","level":"error","message":"Invalid authentication","service":"login-service","timestamp":"2024-03-13 15:16:23","url":"/connection"}
{"body":{"mail":"admin@admin.com"},"ip":"::1","level":"error","message":"Invalid authentication","service":"login-service","timestamp":"2024-03-13 16:14:26","url":"/connection"}
